<?xml version="1.0" encoding="UTF-8"?>
<!-- Generated by org.testng.reporters.JUnitReportReporter -->
<testsuite hostname="DESKTOP-SJRV1GE" name="iRCTC.Edit" tests="1" failures="0" timestamp="9 Dec 2017 06:19:51 GMT" time="0.014" errors="0">
  <testcase name="edit" time="0.014" classname="iRCTC.Edit"/>
</testsuite> <!-- iRCTC.Edit -->
