<?xml version="1.0" encoding="UTF-8"?>
<!-- Generated by org.testng.reporters.JUnitReportReporter -->
<testsuite hostname="DESKTOP-SJRV1GE" name="testCases.DeleteLeadPM" tests="1" failures="0" timestamp="2 Dec 2017 15:46:39 GMT" time="118.254" errors="0">
  <testcase name="DeleteLead" time="118.254" classname="testCases.DeleteLeadPM"/>
</testsuite> <!-- testCases.DeleteLeadPM -->
