<?xml version="1.0" encoding="UTF-8"?>
<!-- Generated by org.testng.reporters.JUnitReportReporter -->
<testsuite hostname="DESKTOP-SJRV1GE" name="testCases.MergeLeadWD" tests="1" failures="0" timestamp="3 Dec 2017 05:20:08 GMT" time="65.842" errors="0">
  <testcase name="mergeLead" time="65.842" classname="testCases.MergeLeadWD"/>
</testsuite> <!-- testCases.MergeLeadWD -->
