<?xml version="1.0" encoding="UTF-8"?>
<!-- Generated by org.testng.reporters.JUnitReportReporter -->
<testsuite hostname="DESKTOP-SJRV1GE" name="iRCTC.test" tests="2" failures="0" timestamp="9 Dec 2017 06:19:51 GMT" time="0.014" errors="0">
  <testcase name="creat" time="0.014" classname="iRCTC.test"/>
  <testcase name="creat" time="0.000" classname="iRCTC.test"/>
</testsuite> <!-- iRCTC.test -->
