<?xml version="1.0" encoding="UTF-8"?>
<!-- Generated by org.testng.reporters.JUnitReportReporter -->
<testsuite hostname="DESKTOP-SJRV1GE" name="testCases.CreateLeadWD" tests="2" failures="0" timestamp="2 Dec 2017 15:46:39 GMT" time="229.861" errors="0">
  <testcase name="createLead" time="108.768" classname="testCases.CreateLeadWD"/>
  <testcase name="createLead" time="121.093" classname="testCases.CreateLeadWD"/>
</testsuite> <!-- testCases.CreateLeadWD -->
